<?xml version="1.0" encoding="UTF-8"?>
<!-- Generated by org.testng.reporters.JUnitReportReporter -->
<testsuite hostname="LAPTOP-M6RGJG8B" failures="0" tests="3" name="projecttesting.TEST3" time="0.003" errors="0" timestamp="2022-12-28T22:34:22 IST" skipped="0">
  <testcase classname="projecttesting.TEST3" name="m10" time="0.001"/>
  <system-out/>
  <testcase classname="projecttesting.TEST3" name="m9" time="0.001"/>
  <system-out/>
  <testcase classname="projecttesting.TEST3" name="m11" time="0.001"/>
  <system-out/>
</testsuite> <!-- projecttesting.TEST3 -->
