<?xml version="1.0" encoding="UTF-8"?>
<!-- Generated by org.testng.reporters.JUnitReportReporter -->
<testsuite hostname="LAPTOP-M6RGJG8B" failures="0" tests="2" name="projecttesting.test2" time="0.002" errors="0" timestamp="2022-12-21T07:04:08 IST" skipped="0">
  <testcase classname="projecttesting.test2" name="m12" time="0.001"/>
  <system-out/>
  <testcase classname="projecttesting.test2" name="m12" time="0.001"/>
  <system-out/>
</testsuite> <!-- projecttesting.test2 -->
