<?xml version="1.0" encoding="UTF-8"?>
<!-- Generated by org.testng.reporters.JUnitReportReporter -->
<testsuite hostname="LAPTOP-M6RGJG8B" failures="0" tests="4" name="projecttesting.example" time="0.009" errors="0" timestamp="2022-12-28T22:45:28 IST" skipped="0">
  <testcase classname="projecttesting.example" name="m2" time="0.003"/>
  <system-out/>
  <testcase classname="projecttesting.example" name="m1" time="0.002"/>
  <system-out/>
  <testcase classname="projecttesting.example" name="m4" time="0.003"/>
  <system-out/>
  <testcase classname="projecttesting.example" name="m3" time="0.001"/>
  <system-out/>
</testsuite> <!-- projecttesting.example -->
