<?xml version="1.0" encoding="UTF-8"?>
<!-- Generated by org.testng.reporters.JUnitReportReporter -->
<testsuite hostname="LAPTOP-M6RGJG8B" failures="0" tests="6" name="projecttesting.priority" time="0.020" errors="0" timestamp="2022-12-28T22:45:28 IST" skipped="2">
  <testcase classname="projecttesting.priority" name="m31" time="0.015"/>
  <system-out/>
  <testcase classname="projecttesting.priority" name="m31" time="0.001"/>
  <system-out/>
  <testcase classname="projecttesting.priority" name="m5" time="0.002"/>
  <system-out/>
  <testcase classname="projecttesting.priority" name="m5" time="0.002"/>
  <system-out/>
  <testcase classname="projecttesting.priority" name="m6">
    <skipped/>
  </testcase> <!-- m6 -->
  <system-out/>
  <testcase classname="projecttesting.priority" name="m6">
    <skipped/>
  </testcase> <!-- m6 -->
  <system-out/>
</testsuite> <!-- projecttesting.priority -->
