<?xml version="1.0" encoding="UTF-8"?>
<!-- Generated by org.testng.reporters.JUnitReportReporter -->
<testsuite hostname="LAPTOP-M6RGJG8B" failures="0" tests="2" name="projecttesting.beforeafter" time="0.005" errors="0" timestamp="2022-12-28T22:45:28 IST" skipped="0">
  <testcase classname="projecttesting.beforeafter" name="aftergroup" time="0.001"/>
  <system-out/>
  <testcase classname="projecttesting.beforeafter" name="aftergroup" time="0.004"/>
  <system-out/>
</testsuite> <!-- projecttesting.beforeafter -->
