<?xml version="1.0" encoding="UTF-8"?>
<!-- Generated by org.testng.reporters.JUnitReportReporter -->
<testsuite hostname="LAPTOP-M6RGJG8B" failures="0" tests="1" name="projecttesting.testsuite" time="0.002" errors="0" timestamp="2022-12-28T22:45:28 IST" skipped="0">
  <testcase classname="projecttesting.testsuite" name="beforeSuite" time="0.002"/>
  <system-out/>
</testsuite> <!-- projecttesting.testsuite -->
