<?xml version="1.0" encoding="UTF-8"?>
<!-- Generated by org.testng.reporters.JUnitReportReporter -->
<testsuite hostname="LAPTOP-M6RGJG8B" failures="0" tests="2" name="projecttesting.TEstNG" time="0.002" errors="0" timestamp="2022-12-21T06:57:12 IST" skipped="0">
  <testcase classname="projecttesting.TEstNG" name="m17" time="0.001"/>
  <system-out/>
  <testcase classname="projecttesting.TEstNG" name="m28" time="0.001"/>
  <system-out/>
</testsuite> <!-- projecttesting.TEstNG -->
